build/outputs/logs/manifest-merger-aosp-debug-report.txt
-- Merging decision tree log ---
manifest
ADDED from src\main\AndroidManifest.xml:2:1-290:12
	package
		ADDED from src\main\AndroidManifest.xml:4:5-35
		INJECTED from src\main\AndroidManifest.xml
		INJECTED from src\main\AndroidManifest.xml
	android:versionName
		INJECTED from src\main\AndroidManifest.xml
		INJECTED from src\main\AndroidManifest.xml
	xmlns:tools
		ADDED from src\main\AndroidManifest.xml:3:5-51
	android:versionCode
		ADDED from src\main\AndroidManifest.xml:6:5-35
		INJECTED from src\main\AndroidManifest.xml
		INJECTED from src\main\AndroidManifest.xml
	xmlns:android
		ADDED from src\main\AndroidManifest.xml:2:11-69
	android:installLocation
		ADDED from src\main\AndroidManifest.xml:5:5-43
uses-permission#android.permission.READ_PHONE_STATE
ADDED from src\main\AndroidManifest.xml:26:5-75
	android:name
		ADDED from src\main\AndroidManifest.xml:26:22-72
uses-permission#android.permission.VIBRATE
ADDED from src\main\AndroidManifest.xml:29:5-66
	android:name
		ADDED from src\main\AndroidManifest.xml:29:22-63
uses-permission#android.permission.SYSTEM_ALERT_WINDOW
ADDED from src\main\AndroidManifest.xml:32:5-78
	android:name
		ADDED from src\main\AndroidManifest.xml:32:22-75
uses-permission#android.permission.WAKE_LOCK
ADDED from src\main\AndroidManifest.xml:35:5-68
MERGED from [com.google.android.gms:play-services-measurement:8.4.0] AndroidManifest.xml:24:5-67
	android:name
		ADDED from src\main\AndroidManifest.xml:35:22-65
uses-permission#com.google.android.marvin.feedback.permission.TALKBACK
ADDED from src\main\AndroidManifest.xml:38:5-94
	android:name
		ADDED from src\main\AndroidManifest.xml:38:22-91
uses-permission#com.google.android.marvin.talkback.permission.LABELING
ADDED from src\main\AndroidManifest.xml:41:5-94
	android:name
		ADDED from src\main\AndroidManifest.xml:41:22-91
uses-permission#android.permission.MODIFY_AUDIO_SETTINGS
ADDED from src\main\AndroidManifest.xml:44:5-80
	android:name
		ADDED from src\main\AndroidManifest.xml:44:22-77
uses-permission#android.permission.INTERNET
ADDED from src\main\AndroidManifest.xml:47:5-67
MERGED from [com.google.android.gms:play-services-ads:8.4.0] AndroidManifest.xml:20:5-66
MERGED from [com.google.android.gms:play-services-analytics:8.4.0] AndroidManifest.xml:21:5-67
MERGED from [com.google.android.gms:play-services-appinvite:8.4.0] AndroidManifest.xml:19:5-67
MERGED from [com.google.android.gms:play-services-gcm:8.4.0] AndroidManifest.xml:22:5-67
MERGED from [com.google.android.gms:play-services-measurement:8.4.0] AndroidManifest.xml:21:5-67
MERGED from [com.google.android.gms:play-services-maps:8.4.0] AndroidManifest.xml:21:5-66
	android:name
		ADDED from src\main\AndroidManifest.xml:47:22-64
uses-permission#android.permission.ACCESS_NETWORK_STATE
ADDED from src\main\AndroidManifest.xml:48:5-79
MERGED from [com.google.android.gms:play-services-ads:8.4.0] AndroidManifest.xml:21:5-78
MERGED from [com.google.android.gms:play-services-analytics:8.4.0] AndroidManifest.xml:22:5-79
MERGED from [com.google.android.gms:play-services-measurement:8.4.0] AndroidManifest.xml:22:5-79
MERGED from [com.google.android.gms:play-services-nearby:8.4.0] AndroidManifest.xml:19:5-79
MERGED from [com.google.android.gms:play-services-maps:8.4.0] AndroidManifest.xml:20:5-78
	android:name
		ADDED from src\main\AndroidManifest.xml:48:22-76
uses-permission#android.permission.RECEIVE_BOOT_COMPLETED
ADDED from src\main\AndroidManifest.xml:50:5-81
	android:name
		ADDED from src\main\AndroidManifest.xml:50:22-78
uses-feature#android.hardware.touchscreen
ADDED from src\main\AndroidManifest.xml:53:5-55:36
	android:required
		ADDED from src\main\AndroidManifest.xml:55:9-33
	android:name
		ADDED from src\main\AndroidManifest.xml:54:9-52
uses-feature#android.hardware.sensor.accelerometer
ADDED from src\main\AndroidManifest.xml:56:5-58:36
	android:required
		ADDED from src\main\AndroidManifest.xml:58:9-33
	android:name
		ADDED from src\main\AndroidManifest.xml:57:9-61
application
ADDED from src\main\AndroidManifest.xml:60:5-288:19
MERGED from [com.google.android.gms:play-services:8.4.0] AndroidManifest.xml:19:5-20
MERGED from [com.google.android.gms:play-services-ads:8.4.0] AndroidManifest.xml:24:5-32:19
MERGED from [com.google.android.gms:play-services-analytics:8.4.0] AndroidManifest.xml:24:5-20
MERGED from [com.google.android.gms:play-services-appindexing:8.4.0] AndroidManifest.xml:19:5-20
MERGED from [com.google.android.gms:play-services-appinvite:8.4.0] AndroidManifest.xml:20:5-30:19
MERGED from [com.google.android.gms:play-services-appstate:8.4.0] AndroidManifest.xml:19:5-20
MERGED from [com.google.android.gms:play-services-auth:8.4.0] AndroidManifest.xml:20:5-32:19
MERGED from [com.google.android.gms:play-services-cast:8.4.0] AndroidManifest.xml:19:5-20
MERGED from [com.android.support:mediarouter-v7:23.0.0] AndroidManifest.xml:22:5-20
MERGED from [com.android.support:appcompat-v7:23.0.0] AndroidManifest.xml:22:5-20
MERGED from [com.google.android.gms:play-services-fitness:8.4.0] AndroidManifest.xml:19:5-20
MERGED from [com.google.android.gms:play-services-games:8.4.0] AndroidManifest.xml:19:5-20
MERGED from [com.google.android.gms:play-services-drive:8.4.0] AndroidManifest.xml:19:5-20
MERGED from [com.google.android.gms:play-services-gcm:8.4.0] AndroidManifest.xml:24:5-20
MERGED from [com.google.android.gms:play-services-location:8.4.0] AndroidManifest.xml:19:5-20
MERGED from [com.google.android.gms:play-services-measurement:8.4.0] AndroidManifest.xml:26:5-46:19
MERGED from [com.google.android.gms:play-services-nearby:8.4.0] AndroidManifest.xml:20:5-20
MERGED from [com.google.android.gms:play-services-panorama:8.4.0] AndroidManifest.xml:19:5-20
MERGED from [com.google.android.gms:play-services-plus:8.4.0] AndroidManifest.xml:19:5-20
MERGED from [com.google.android.gms:play-services-safetynet:8.4.0] AndroidManifest.xml:19:5-20
MERGED from [com.google.android.gms:play-services-vision:8.4.0] AndroidManifest.xml:5:5-20
MERGED from [com.google.android.gms:play-services-identity:8.4.0] AndroidManifest.xml:19:5-20
MERGED from [com.google.android.gms:play-services-maps:8.4.0] AndroidManifest.xml:27:5-20
MERGED from [com.google.android.gms:play-services-wearable:8.4.0] AndroidManifest.xml:19:5-20
MERGED from [com.google.android.gms:play-services-basement:8.4.0] AndroidManifest.xml:20:5-24:19
MERGED from [com.android.support:support-v4:24.0.0] AndroidManifest.xml:25:5-20
	android:label
		ADDED from src\main\AndroidManifest.xml:62:9-47
	android:supportsRtl
		ADDED from src\main\AndroidManifest.xml:63:9-35
	android:icon
		ADDED from src\main\AndroidManifest.xml:61:9-38
receiver#com.android.talkback.BootReceiver
ADDED from src\main\AndroidManifest.xml:65:9-73:20
	android:exported
		ADDED from src\main\AndroidManifest.xml:67:13-36
	android:directBootAware
		ADDED from src\main\AndroidManifest.xml:66:13-43
	android:name
		ADDED from src\main\AndroidManifest.xml:65:19-47
intent-filter#android.intent.action.BOOT_COMPLETED+android.intent.action.LOCKED_BOOT_COMPLETED+android.intent.category.DEFAULT
ADDED from src\main\AndroidManifest.xml:68:13-72:29
action#android.intent.action.LOCKED_BOOT_COMPLETED
ADDED from src\main\AndroidManifest.xml:69:17-85
	android:name
		ADDED from src\main\AndroidManifest.xml:69:25-83
action#android.intent.action.BOOT_COMPLETED
ADDED from src\main\AndroidManifest.xml:70:17-78
	android:name
		ADDED from src\main\AndroidManifest.xml:70:25-76
category#android.intent.category.DEFAULT
ADDED from src\main\AndroidManifest.xml:71:17-76
	android:name
		ADDED from src\main\AndroidManifest.xml:71:27-73
activity#com.android.utils.TestActivity
ADDED from src\main\AndroidManifest.xml:75:9-80:20
	android:label
		ADDED from src\main\AndroidManifest.xml:78:17-45
	android:launchMode
		ADDED from src\main\AndroidManifest.xml:79:17-47
	android:exported
		ADDED from src\main\AndroidManifest.xml:77:17-41
	android:name
		ADDED from src\main\AndroidManifest.xml:76:17-62
service#com.google.android.marvin.talkback.TalkBackService
ADDED from src\main\AndroidManifest.xml:83:9-100:19
	android:exported
		ADDED from src\main\AndroidManifest.xml:85:13-36
	android:permission
		ADDED from src\main\AndroidManifest.xml:86:13-79
	android:settingsActivity
		ADDED from src\main\AndroidManifest.xml:87:13-88
	android:directBootAware
		ADDED from src\main\AndroidManifest.xml:88:13-43
	android:name
		ADDED from src\main\AndroidManifest.xml:84:13-78
intent-filter#android.accessibilityservice.AccessibilityService+android.accessibilityservice.category.FEEDBACK_AUDIBLE+android.accessibilityservice.category.FEEDBACK_HAPTIC+android.accessibilityservice.category.FEEDBACK_SPOKEN
ADDED from src\main\AndroidManifest.xml:89:13-95:29
action#android.accessibilityservice.AccessibilityService
ADDED from src\main\AndroidManifest.xml:90:17-92
	android:name
		ADDED from src\main\AndroidManifest.xml:90:25-89
category#android.accessibilityservice.category.FEEDBACK_AUDIBLE
ADDED from src\main\AndroidManifest.xml:92:17-99
	android:name
		ADDED from src\main\AndroidManifest.xml:92:27-96
category#android.accessibilityservice.category.FEEDBACK_HAPTIC
ADDED from src\main\AndroidManifest.xml:93:17-98
	android:name
		ADDED from src\main\AndroidManifest.xml:93:27-95
category#android.accessibilityservice.category.FEEDBACK_SPOKEN
ADDED from src\main\AndroidManifest.xml:94:17-98
	android:name
		ADDED from src\main\AndroidManifest.xml:94:27-95
meta-data#android.accessibilityservice
ADDED from src\main\AndroidManifest.xml:97:13-99:64
	android:resource
		ADDED from src\main\AndroidManifest.xml:99:17-61
	android:name
		ADDED from src\main\AndroidManifest.xml:98:17-60
activity#com.android.talkback.TalkBackPreferencesActivity
ADDED from src\main\AndroidManifest.xml:103:9-115:20
	android:label
		ADDED from src\main\AndroidManifest.xml:106:13-63
	android:launchMode
		ADDED from src\main\AndroidManifest.xml:107:13-43
	android:exported
		ADDED from src\main\AndroidManifest.xml:105:13-36
	tools:ignore
		ADDED from src\main\AndroidManifest.xml:110:13-44
	android:theme
		ADDED from src\main\AndroidManifest.xml:109:13-52
	android:taskAffinity
		ADDED from src\main\AndroidManifest.xml:108:13-73
	android:name
		ADDED from src\main\AndroidManifest.xml:104:13-56
intent-filter#android.accessibilityservice.SERVICE_SETTINGS+android.intent.action.MAIN
ADDED from src\main\AndroidManifest.xml:111:13-114:29
action#android.intent.action.MAIN
ADDED from src\main\AndroidManifest.xml:112:17-69
	android:name
		ADDED from src\main\AndroidManifest.xml:112:25-66
category#android.accessibilityservice.SERVICE_SETTINGS
ADDED from src\main\AndroidManifest.xml:113:17-90
	android:name
		ADDED from src\main\AndroidManifest.xml:113:27-87
activity#com.android.talkback.TalkBackShortcutPreferencesActivity
ADDED from src\main\AndroidManifest.xml:118:9-129:20
	android:label
		ADDED from src\main\AndroidManifest.xml:121:13-63
	android:launchMode
		ADDED from src\main\AndroidManifest.xml:122:13-43
	android:exported
		ADDED from src\main\AndroidManifest.xml:120:13-36
	tools:ignore
		ADDED from src\main\AndroidManifest.xml:125:13-44
	android:theme
		ADDED from src\main\AndroidManifest.xml:124:13-52
	android:taskAffinity
		ADDED from src\main\AndroidManifest.xml:123:13-73
	android:name
		ADDED from src\main\AndroidManifest.xml:119:13-64
intent-filter#android.intent.action.MAIN
ADDED from src\main\AndroidManifest.xml:126:13-128:29
activity#com.android.talkback.TalkBackKeyboardShortcutPreferencesActivity
ADDED from src\main\AndroidManifest.xml:132:9-143:20
	android:label
		ADDED from src\main\AndroidManifest.xml:135:13-63
	android:launchMode
		ADDED from src\main\AndroidManifest.xml:136:13-43
	android:exported
		ADDED from src\main\AndroidManifest.xml:134:13-36
	tools:ignore
		ADDED from src\main\AndroidManifest.xml:139:13-44
	android:theme
		ADDED from src\main\AndroidManifest.xml:138:13-52
	android:taskAffinity
		ADDED from src\main\AndroidManifest.xml:137:13-73
	android:name
		ADDED from src\main\AndroidManifest.xml:133:13-72
activity#com.android.talkback.TalkBackDumpAccessibilityEventActivity
ADDED from src\main\AndroidManifest.xml:146:9-153:20
	android:label
		ADDED from src\main\AndroidManifest.xml:149:13-63
	android:launchMode
		ADDED from src\main\AndroidManifest.xml:150:13-43
	android:exported
		ADDED from src\main\AndroidManifest.xml:148:13-37
	android:theme
		ADDED from src\main\AndroidManifest.xml:152:13-52
	android:taskAffinity
		ADDED from src\main\AndroidManifest.xml:151:13-73
	android:name
		ADDED from src\main\AndroidManifest.xml:147:13-67
activity#com.android.talkback.tutorial.AccessibilityTutorialActivity
ADDED from src\main\AndroidManifest.xml:156:9-165:20
	android:label
		ADDED from src\main\AndroidManifest.xml:161:13-65
	android:launchMode
		ADDED from src\main\AndroidManifest.xml:162:13-48
	android:exported
		ADDED from src\main\AndroidManifest.xml:159:13-37
	android:configChanges
		ADDED from src\main\AndroidManifest.xml:158:13-74
	android:immersive
		ADDED from src\main\AndroidManifest.xml:160:13-37
	android:directBootAware
		ADDED from src\main\AndroidManifest.xml:164:13-43
	android:theme
		ADDED from src\main\AndroidManifest.xml:163:13-57
	android:name
		ADDED from src\main\AndroidManifest.xml:157:13-67
activity#com.android.talkback.labeling.LabelImportActivity
ADDED from src\main\AndroidManifest.xml:167:9-173:20
	android:enabled
		ADDED from src\main\AndroidManifest.xml:172:13-56
	android:excludeFromRecents
		ADDED from src\main\AndroidManifest.xml:168:13-46
	android:launchMode
		ADDED from src\main\AndroidManifest.xml:170:13-48
	android:exported
		ADDED from src\main\AndroidManifest.xml:171:13-36
	android:theme
		ADDED from src\main\AndroidManifest.xml:169:13-47
	android:name
		ADDED from src\main\AndroidManifest.xml:167:19-63
activity#com.android.talkback.labeling.LabelManagerSummaryActivity
ADDED from src\main\AndroidManifest.xml:176:9-182:76
	android:label
		ADDED from src\main\AndroidManifest.xml:179:13-64
	android:launchMode
		ADDED from src\main\AndroidManifest.xml:180:13-43
	android:exported
		ADDED from src\main\AndroidManifest.xml:178:13-37
	android:theme
		ADDED from src\main\AndroidManifest.xml:181:13-52
	android:taskAffinity
		ADDED from src\main\AndroidManifest.xml:182:13-73
	android:name
		ADDED from src\main\AndroidManifest.xml:177:13-65
activity#com.android.talkback.labeling.LabelManagerPackageActivity
ADDED from src\main\AndroidManifest.xml:185:9-190:76
	android:label
		ADDED from src\main\AndroidManifest.xml:188:13-64
	android:launchMode
		ADDED from src\main\AndroidManifest.xml:189:13-43
	android:exported
		ADDED from src\main\AndroidManifest.xml:187:13-37
	android:taskAffinity
		ADDED from src\main\AndroidManifest.xml:190:13-73
	android:name
		ADDED from src\main\AndroidManifest.xml:186:13-65
activity#com.android.talkback.GestureChangeNotificationActivity
ADDED from src\main\AndroidManifest.xml:193:9-202:20
	android:exported
		ADDED from src\main\AndroidManifest.xml:195:13-36
	tools:ignore
		ADDED from src\main\AndroidManifest.xml:198:13-44
	android:directBootAware
		ADDED from src\main\AndroidManifest.xml:197:13-43
	android:theme
		ADDED from src\main\AndroidManifest.xml:196:13-47
	android:name
		ADDED from src\main\AndroidManifest.xml:194:13-62
activity#com.android.talkback.NotificationActivity
ADDED from src\main\AndroidManifest.xml:205:9-214:20
	android:exported
		ADDED from src\main\AndroidManifest.xml:207:13-36
	tools:ignore
		ADDED from src\main\AndroidManifest.xml:210:13-44
	android:directBootAware
		ADDED from src\main\AndroidManifest.xml:209:13-43
	android:theme
		ADDED from src\main\AndroidManifest.xml:208:13-47
	android:name
		ADDED from src\main\AndroidManifest.xml:206:13-49
activity#com.android.talkback.ShortcutProxyActivity
ADDED from src\main\AndroidManifest.xml:217:9-232:20
	android:enabled
		ADDED from src\main\AndroidManifest.xml:219:13-36
	android:label
		ADDED from src\main\AndroidManifest.xml:222:13-64
	android:excludeFromRecents
		ADDED from src\main\AndroidManifest.xml:220:13-46
	android:launchMode
		ADDED from src\main\AndroidManifest.xml:223:13-44
	android:exported
		ADDED from src\main\AndroidManifest.xml:221:13-36
	tools:ignore
		ADDED from src\main\AndroidManifest.xml:226:13-44
	android:directBootAware
		ADDED from src\main\AndroidManifest.xml:225:13-43
	android:theme
		ADDED from src\main\AndroidManifest.xml:224:13-59
	android:name
		ADDED from src\main\AndroidManifest.xml:218:13-50
intent-filter#android.intent.action.SEARCH_LONG_PRESS+android.intent.category.DEFAULT
ADDED from src\main\AndroidManifest.xml:227:13-231:29
action#android.intent.action.SEARCH_LONG_PRESS
ADDED from src\main\AndroidManifest.xml:228:17-82
	android:name
		ADDED from src\main\AndroidManifest.xml:228:25-79
activity#com.android.talkback.WebActivity
ADDED from src\main\AndroidManifest.xml:234:9-237:20
	android:exported
		ADDED from src\main\AndroidManifest.xml:236:13-37
	android:name
		ADDED from src\main\AndroidManifest.xml:235:13-40
provider#com.android.talkback.labeling.LabelProvider
ADDED from src\main\AndroidManifest.xml:240:9-246:46
	android:readPermission
		ADDED from src\main\AndroidManifest.xml:244:13-92
	android:authorities
		ADDED from src\main\AndroidManifest.xml:242:13-75
		INJECTED from src\main\AndroidManifest.xml
	android:exported
		ADDED from src\main\AndroidManifest.xml:243:13-36
	android:directBootAware
		ADDED from src\main\AndroidManifest.xml:246:13-43
	android:name
		ADDED from src\main\AndroidManifest.xml:241:13-51
	android:writePermission
		ADDED from src\main\AndroidManifest.xml:245:13-93
provider#android.support.v4.content.FileProvider
ADDED from src\main\AndroidManifest.xml:248:9-256:20
	android:authorities
		ADDED from src\main\AndroidManifest.xml:250:13-74
		INJECTED from src\main\AndroidManifest.xml
	android:grantUriPermissions
		ADDED from src\main\AndroidManifest.xml:252:13-47
	android:exported
		ADDED from src\main\AndroidManifest.xml:251:13-37
	android:name
		ADDED from src\main\AndroidManifest.xml:249:13-67
meta-data#android.support.FILE_PROVIDER_PATHS
ADDED from src\main\AndroidManifest.xml:253:13-255:54
	android:resource
		ADDED from src\main\AndroidManifest.xml:255:17-51
	android:name
		ADDED from src\main\AndroidManifest.xml:254:17-67
service#com.android.switchaccess.SwitchAccessService
ADDED from src\main\AndroidManifest.xml:258:9-274:19
	android:enabled
		ADDED from src\main\AndroidManifest.xml:261:13-45
	android:label
		ADDED from src\main\AndroidManifest.xml:259:13-56
	android:exported
		ADDED from src\main\AndroidManifest.xml:262:13-36
	android:permission
		ADDED from src\main\AndroidManifest.xml:264:13-79
	android:directBootAware
		ADDED from src\main\AndroidManifest.xml:263:13-43
	android:name
		ADDED from src\main\AndroidManifest.xml:260:13-72
intent-filter#android.accessibilityservice.AccessibilityService+android.accessibilityservice.category.FEEDBACK_GENERIC
ADDED from src\main\AndroidManifest.xml:265:13-269:29
category#android.accessibilityservice.category.FEEDBACK_GENERIC
ADDED from src\main\AndroidManifest.xml:268:17-99
	android:name
		ADDED from src\main\AndroidManifest.xml:268:27-96
activity#com.android.switchaccess.SwitchAccessPreferenceActivity
ADDED from src\main\AndroidManifest.xml:276:9-283:20
	android:enabled
		ADDED from src\main\AndroidManifest.xml:282:13-45
	android:label
		ADDED from src\main\AndroidManifest.xml:279:13-68
	android:exported
		ADDED from src\main\AndroidManifest.xml:278:13-37
	android:directBootAware
		ADDED from src\main\AndroidManifest.xml:281:13-43
	android:theme
		ADDED from src\main\AndroidManifest.xml:280:13-52
	android:name
		ADDED from src\main\AndroidManifest.xml:277:13-83
meta-data#com.google.android.gms.version
ADDED from src\main\AndroidManifest.xml:285:9-287:69
MERGED from [com.google.android.gms:play-services-basement:8.4.0] AndroidManifest.xml:21:9-23:69
	android:value
		ADDED from src\main\AndroidManifest.xml:287:13-66
	android:name
		ADDED from src\main\AndroidManifest.xml:286:13-58
uses-sdk
INJECTED from src\main\AndroidManifest.xml reason: use-sdk injection requested
MERGED from [com.google.android.gms:play-services:8.4.0] AndroidManifest.xml:18:5-42
MERGED from [com.google.android.gms:play-services-ads:8.4.0] AndroidManifest.xml:23:5-42
MERGED from [com.google.android.gms:play-services-analytics:8.4.0] AndroidManifest.xml:18:5-42
MERGED from [com.google.android.gms:play-services-appindexing:8.4.0] AndroidManifest.xml:18:5-42
MERGED from [com.google.android.gms:play-services-appinvite:8.4.0] AndroidManifest.xml:18:5-42
MERGED from [com.google.android.gms:play-services-appstate:8.4.0] AndroidManifest.xml:18:5-42
MERGED from [com.google.android.gms:play-services-auth:8.4.0] AndroidManifest.xml:18:5-43
MERGED from [com.google.android.gms:play-services-cast:8.4.0] AndroidManifest.xml:18:5-42
MERGED from [com.android.support:mediarouter-v7:23.0.0] AndroidManifest.xml:20:5-43
MERGED from [com.android.support:appcompat-v7:23.0.0] AndroidManifest.xml:20:5-43
MERGED from [com.google.android.gms:play-services-fitness:8.4.0] AndroidManifest.xml:18:5-42
MERGED from [com.google.android.gms:play-services-games:8.4.0] AndroidManifest.xml:18:5-42
MERGED from [com.google.android.gms:play-services-drive:8.4.0] AndroidManifest.xml:18:5-42
MERGED from [com.google.android.gms:play-services-gcm:8.4.0] AndroidManifest.xml:18:5-42
MERGED from [com.google.android.gms:play-services-location:8.4.0] AndroidManifest.xml:18:5-42
MERGED from [com.google.android.gms:play-services-measurement:8.4.0] AndroidManifest.xml:18:5-42
MERGED from [com.google.android.gms:play-services-nearby:8.4.0] AndroidManifest.xml:18:5-42
MERGED from [com.google.android.gms:play-services-panorama:8.4.0] AndroidManifest.xml:18:5-42
MERGED from [com.google.android.gms:play-services-plus:8.4.0] AndroidManifest.xml:18:5-42
MERGED from [com.google.android.gms:play-services-safetynet:8.4.0] AndroidManifest.xml:18:5-42
MERGED from [com.google.android.gms:play-services-vision:8.4.0] AndroidManifest.xml:4:5-42
MERGED from [com.google.android.gms:play-services-wallet:8.4.0] AndroidManifest.xml:19:5-42
MERGED from [com.google.android.gms:play-services-identity:8.4.0] AndroidManifest.xml:18:5-42
MERGED from [com.google.android.gms:play-services-maps:8.4.0] AndroidManifest.xml:26:5-42
MERGED from [com.google.android.gms:play-services-wearable:8.4.0] AndroidManifest.xml:18:5-42
MERGED from [com.google.android.gms:play-services-base:8.4.0] AndroidManifest.xml:18:5-42
MERGED from [com.google.android.gms:play-services-basement:8.4.0] AndroidManifest.xml:18:5-42
MERGED from [com.android.support:support-v4:24.0.0] AndroidManifest.xml:21:5-23:54
	tools:overrideLibrary
		ADDED from [com.android.support:support-v4:24.0.0] AndroidManifest.xml:23:9-51
	android:targetSdkVersion
		INJECTED from src\main\AndroidManifest.xml
		INJECTED from src\main\AndroidManifest.xml
	android:minSdkVersion
		INJECTED from src\main\AndroidManifest.xml
		INJECTED from src\main\AndroidManifest.xml
activity#com.google.android.gms.ads.AdActivity
ADDED from [com.google.android.gms:play-services-ads:8.4.0] AndroidManifest.xml:26:9-29:64
	android:configChanges
		ADDED from [com.google.android.gms:play-services-ads:8.4.0] AndroidManifest.xml:28:13-122
	android:theme
		ADDED from [com.google.android.gms:play-services-ads:8.4.0] AndroidManifest.xml:29:13-61
	android:name
		ADDED from [com.google.android.gms:play-services-ads:8.4.0] AndroidManifest.xml:27:13-65
activity#com.google.android.gms.ads.purchase.InAppPurchaseActivity
ADDED from [com.google.android.gms:play-services-ads:8.4.0] AndroidManifest.xml:30:9-31:52
	android:theme
		ADDED from [com.google.android.gms:play-services-ads:8.4.0] AndroidManifest.xml:31:13-50
	android:name
		ADDED from [com.google.android.gms:play-services-ads:8.4.0] AndroidManifest.xml:30:19-91
activity#com.google.android.gms.appinvite.PreviewActivity
ADDED from [com.google.android.gms:play-services-appinvite:8.4.0] AndroidManifest.xml:21:9-29:20
	android:exported
		ADDED from [com.google.android.gms:play-services-appinvite:8.4.0] AndroidManifest.xml:23:17-40
	android:theme
		ADDED from [com.google.android.gms:play-services-appinvite:8.4.0] AndroidManifest.xml:24:17-63
	android:name
		ADDED from [com.google.android.gms:play-services-appinvite:8.4.0] AndroidManifest.xml:22:17-48
intent-filter#android.intent.category.DEFAULT+com.google.android.gms.appinvite.ACTION_PREVIEW
ADDED from [com.google.android.gms:play-services-appinvite:8.4.0] AndroidManifest.xml:25:13-28:29
action#com.google.android.gms.appinvite.ACTION_PREVIEW
ADDED from [com.google.android.gms:play-services-appinvite:8.4.0] AndroidManifest.xml:26:17-89
	android:name
		ADDED from [com.google.android.gms:play-services-appinvite:8.4.0] AndroidManifest.xml:26:25-87
activity#com.google.android.gms.auth.api.signin.internal.SignInHubActivity
ADDED from [com.google.android.gms:play-services-auth:8.4.0] AndroidManifest.xml:21:9-24:46
	android:excludeFromRecents
		ADDED from [com.google.android.gms:play-services-auth:8.4.0] AndroidManifest.xml:23:19-52
	android:exported
		ADDED from [com.google.android.gms:play-services-auth:8.4.0] AndroidManifest.xml:24:19-43
	android:theme
		ADDED from [com.google.android.gms:play-services-auth:8.4.0] AndroidManifest.xml:22:19-78
	android:name
		ADDED from [com.google.android.gms:play-services-auth:8.4.0] AndroidManifest.xml:21:19-72
service#com.google.android.gms.auth.api.signin.RevocationBoundService
ADDED from [com.google.android.gms:play-services-auth:8.4.0] AndroidManifest.xml:28:9-31:110
	android:exported
		ADDED from [com.google.android.gms:play-services-auth:8.4.0] AndroidManifest.xml:30:13-36
	android:permission
		ADDED from [com.google.android.gms:play-services-auth:8.4.0] AndroidManifest.xml:31:13-107
	android:name
		ADDED from [com.google.android.gms:play-services-auth:8.4.0] AndroidManifest.xml:29:13-62
uses-permission#com.google.android.c2dm.permission.RECEIVE
ADDED from [com.google.android.gms:play-services-gcm:8.4.0] AndroidManifest.xml:21:5-82
	android:name
		ADDED from [com.google.android.gms:play-services-gcm:8.4.0] AndroidManifest.xml:21:22-79
provider#com.google.android.gms.measurement.AppMeasurementContentProvider
ADDED from [com.google.android.gms:play-services-measurement:8.4.0] AndroidManifest.xml:28:7-31:37
	android:authorities
		ADDED from [com.google.android.gms:play-services-measurement:8.4.0] AndroidManifest.xml:29:11-76
	android:exported
		ADDED from [com.google.android.gms:play-services-measurement:8.4.0] AndroidManifest.xml:31:11-35
	android:name
		ADDED from [com.google.android.gms:play-services-measurement:8.4.0] AndroidManifest.xml:30:11-90
receiver#com.google.android.gms.measurement.AppMeasurementReceiver
ADDED from [com.google.android.gms:play-services-measurement:8.4.0] AndroidManifest.xml:33:7-39:18
	android:enabled
		ADDED from [com.google.android.gms:play-services-measurement:8.4.0] AndroidManifest.xml:35:11-33
	android:name
		ADDED from [com.google.android.gms:play-services-measurement:8.4.0] AndroidManifest.xml:34:11-83
intent-filter#com.google.android.gms.measurement.UPLOAD
ADDED from [com.google.android.gms:play-services-measurement:8.4.0] AndroidManifest.xml:36:9-38:25
action#com.google.android.gms.measurement.UPLOAD
ADDED from [com.google.android.gms:play-services-measurement:8.4.0] AndroidManifest.xml:37:11-77
	android:name
		ADDED from [com.google.android.gms:play-services-measurement:8.4.0] AndroidManifest.xml:37:19-75
service#com.google.android.gms.measurement.AppMeasurementService
ADDED from [com.google.android.gms:play-services-measurement:8.4.0] AndroidManifest.xml:41:7-44:37
	android:enabled
		ADDED from [com.google.android.gms:play-services-measurement:8.4.0] AndroidManifest.xml:43:11-33
	android:exported
		ADDED from [com.google.android.gms:play-services-measurement:8.4.0] AndroidManifest.xml:44:11-35
	android:name
		ADDED from [com.google.android.gms:play-services-measurement:8.4.0] AndroidManifest.xml:42:11-82
uses-feature#0x00020000
ADDED from [com.google.android.gms:play-services-maps:8.4.0] AndroidManifest.xml:22:5-24:33
	android:glEsVersion
		ADDED from [com.google.android.gms:play-services-maps:8.4.0] AndroidManifest.xml:23:8-40
	android:required
		ADDED from [com.google.android.gms:play-services-maps:8.4.0] AndroidManifest.xml:24:8-31